<?xml version="1.0" encoding="utf-8"?><testsuites name="pytest tests"><testsuite name="pytest" errors="0" failures="0" skipped="0" tests="20" time="3.034" timestamp="2026-06-02T09:00:37.799520+00:00" hostname="agent-env-772dc497-bdaa-403c-baac-883f62da0c4f"><testcase classname="backend.tests.backend_test.TestAuth" name="test_register_duplicate" time="0.652" /><testcase classname="backend.tests.backend_test.TestAuth" name="test_login_invalid" time="0.106" /><testcase classname="backend.tests.backend_test.TestAuth" name="test_me" time="0.046" /><testcase classname="backend.tests.backend_test.TestAuth" name="test_me_unauth" time="0.138" /><testcase classname="backend.tests.backend_test.TestProducts" name="test_list" time="0.099" /><testcase classname="backend.tests.backend_test.TestProducts" name="test_get_one" time="0.102" /><testcase classname="backend.tests.backend_test.TestProducts" name="test_get_404" time="0.100" /><testcase classname="backend.tests.backend_test.TestProducts" name="test_filter_category" time="0.094" /><testcase classname="backend.tests.backend_test.TestProducts" name="test_categories" time="0.099" /><testcase classname="backend.tests.backend_test.TestCart" name="test_add_and_get" time="0.262" /><testcase classname="backend.tests.backend_test.TestCart" name="test_remove" time="0.046" /><testcase classname="backend.tests.backend_test.TestOrders" name="test_create_cod" time="0.149" /><testcase classname="backend.tests.backend_test.TestOrders" name="test_get_orders" time="0.045" /><testcase classname="backend.tests.backend_test.TestOrders" name="test_get_order" time="0.047" /><testcase classname="backend.tests.backend_test.TestWishlist" name="test_add_get_remove" time="0.259" /><testcase classname="backend.tests.backend_test.TestAdmin" name="test_dashboard" time="0.387" /><testcase classname="backend.tests.backend_test.TestAdmin" name="test_admin_orders" time="0.047" /><testcase classname="backend.tests.backend_test.TestAdmin" name="test_admin_forbidden_for_user" time="0.047" /><testcase classname="backend.tests.backend_test.TestAdmin" name="test_update_order_status" time="0.130" /><testcase classname="backend.tests.backend_test.TestCoupons" name="test_invalid_coupon" time="0.100" /></testsuite></testsuites>