<?xml version="1.0" encoding="utf-8"?><testsuites name="pytest tests"><testsuite name="pytest" errors="0" failures="0" skipped="0" tests="12" time="2.659" timestamp="2026-06-02T13:16:30.923416+00:00" hostname="agent-env-772dc497-bdaa-403c-baac-883f62da0c4f"><testcase classname="backend.tests.test_reviews" name="test_admin_reviews_list" time="0.581" /><testcase classname="backend.tests.test_reviews" name="test_admin_reviews_unauth" time="0.131" /><testcase classname="backend.tests.test_reviews" name="test_create_review_with_images" time="0.535" /><testcase classname="backend.tests.test_reviews" name="test_review_stats_breakdown" time="0.114" /><testcase classname="backend.tests.test_reviews" name="test_admin_reply_add" time="0.578" /><testcase classname="backend.tests.test_reviews" name="test_admin_reply_persisted" time="0.059" /><testcase classname="backend.tests.test_reviews" name="test_admin_reply_empty_text" time="0.055" /><testcase classname="backend.tests.test_reviews" name="test_admin_reply_delete" time="0.122" /><testcase classname="backend.tests.test_reviews" name="test_admin_reply_404" time="0.062" /><testcase classname="backend.tests.test_reviews" name="test_admin_feature_review" time="0.227" /><testcase classname="backend.tests.test_reviews" name="test_admin_unfeature_review" time="0.057" /><testcase classname="backend.tests.test_reviews" name="test_admin_moderate_invalid_action" time="0.061" /></testsuite></testsuites>